15:41:07 **** Incremental Build of configuration Debug for project CAN_Node1 ****
make -j12 all 
arm-none-eabi-gcc "../Drivers/CMSIS/RTOS2/Template/cmsis_os1.c" -mcpu=cortex-m0 -std=gnu11 -g3 -DUSE_HAL_DRIVER -DSTM32F042x6 -DDEBUG -c -I../Core/Inc -I../Drivers/STM32F0xx_HAL_Driver/Inc -I../Drivers/STM32F0xx_HAL_Driver/Inc/Legacy -I../Drivers/CMSIS/Device/ST/STM32F0xx/Include -I../Drivers/CMSIS/Include -O0 -ffunction-sections -fdata-sections -Wall -fstack-usage -MMD -MP -MF"Drivers/CMSIS/RTOS2/Template/cmsis_os1.d" -MT"Drivers/CMSIS/RTOS2/Template/cmsis_os1.o" --specs=nano.specs -mfloat-abi=soft -mthumb -o "Drivers/CMSIS/RTOS2/Template/cmsis_os1.o"
arm-none-eabi-gcc "../Drivers/CMSIS/RTOS2/Source/os_systick.c" -mcpu=cortex-m0 -std=gnu11 -g3 -DUSE_HAL_DRIVER -DSTM32F042x6 -DDEBUG -c -I../Core/Inc -I../Drivers/STM32F0xx_HAL_Driver/Inc -I../Drivers/STM32F0xx_HAL_Driver/Inc/Legacy -I../Drivers/CMSIS/Device/ST/STM32F0xx/Include -I../Drivers/CMSIS/Include -O0 -ffunction-sections -fdata-sections -Wall -fstack-usage -MMD -MP -MF"Drivers/CMSIS/RTOS2/Source/os_systick.d" -MT"Drivers/CMSIS/RTOS2/Source/os_systick.o" --specs=nano.specs -mfloat-abi=soft -mthumb -o "Drivers/CMSIS/RTOS2/Source/os_systick.o"
arm-none-eabi-gcc "../Drivers/CMSIS/RTOS2/Source/os_tick_gtim.c" -mcpu=cortex-m0 -std=gnu11 -g3 -DUSE_HAL_DRIVER -DSTM32F042x6 -DDEBUG -c -I../Core/Inc -I../Drivers/STM32F0xx_HAL_Driver/Inc -I../Drivers/STM32F0xx_HAL_Driver/Inc/Legacy -I../Drivers/CMSIS/Device/ST/STM32F0xx/Include -I../Drivers/CMSIS/Include -O0 -ffunction-sections -fdata-sections -Wall -fstack-usage -MMD -MP -MF"Drivers/CMSIS/RTOS2/Source/os_tick_gtim.d" -MT"Drivers/CMSIS/RTOS2/Source/os_tick_gtim.o" --specs=nano.specs -mfloat-abi=soft -mthumb -o "Drivers/CMSIS/RTOS2/Source/os_tick_gtim.o"
arm-none-eabi-gcc "../Drivers/CMSIS/RTOS2/Source/os_tick_ptim.c" -mcpu=cortex-m0 -std=gnu11 -g3 -DUSE_HAL_DRIVER -DSTM32F042x6 -DDEBUG -c -I../Core/Inc -I../Drivers/STM32F0xx_HAL_Driver/Inc -I../Drivers/STM32F0xx_HAL_Driver/Inc/Legacy -I../Drivers/CMSIS/Device/ST/STM32F0xx/Include -I../Drivers/CMSIS/Include -O0 -ffunction-sections -fdata-sections -Wall -fstack-usage -MMD -MP -MF"Drivers/CMSIS/RTOS2/Source/os_tick_ptim.d" -MT"Drivers/CMSIS/RTOS2/Source/os_tick_ptim.o" --specs=nano.specs -mfloat-abi=soft -mthumb -o "Drivers/CMSIS/RTOS2/Source/os_tick_ptim.o"
arm-none-eabi-gcc "../Drivers/CMSIS/NN/Source/SoftmaxFunctions/arm_softmax_q15.c" -mcpu=cortex-m0 -std=gnu11 -g3 -DUSE_HAL_DRIVER -DSTM32F042x6 -DDEBUG -c -I../Core/Inc -I../Drivers/STM32F0xx_HAL_Driver/Inc -I../Drivers/STM32F0xx_HAL_Driver/Inc/Legacy -I../Drivers/CMSIS/Device/ST/STM32F0xx/Include -I../Drivers/CMSIS/Include -O0 -ffunction-sections -fdata-sections -Wall -fstack-usage -MMD -MP -MF"Drivers/CMSIS/NN/Source/SoftmaxFunctions/arm_softmax_q15.d" -MT"Drivers/CMSIS/NN/Source/SoftmaxFunctions/arm_softmax_q15.o" --specs=nano.specs -mfloat-abi=soft -mthumb -o "Drivers/CMSIS/NN/Source/SoftmaxFunctions/arm_softmax_q15.o"
arm-none-eabi-gcc "../Drivers/CMSIS/NN/Source/SoftmaxFunctions/arm_softmax_q7.c" -mcpu=cortex-m0 -std=gnu11 -g3 -DUSE_HAL_DRIVER -DSTM32F042x6 -DDEBUG -c -I../Core/Inc -I../Drivers/STM32F0xx_HAL_Driver/Inc -I../Drivers/STM32F0xx_HAL_Driver/Inc/Legacy -I../Drivers/CMSIS/Device/ST/STM32F0xx/Include -I../Drivers/CMSIS/Include -O0 -ffunction-sections -fdata-sections -Wall -fstack-usage -MMD -MP -MF"Drivers/CMSIS/NN/Source/SoftmaxFunctions/arm_softmax_q7.d" -MT"Drivers/CMSIS/NN/Source/SoftmaxFunctions/arm_softmax_q7.o" --specs=nano.specs -mfloat-abi=soft -mthumb -o "Drivers/CMSIS/NN/Source/SoftmaxFunctions/arm_softmax_q7.o"
arm-none-eabi-gcc "../Drivers/CMSIS/NN/Source/PoolingFunctions/arm_pool_q7_HWC.c" -mcpu=cortex-m0 -std=gnu11 -g3 -DUSE_HAL_DRIVER -DSTM32F042x6 -DDEBUG -c -I../Core/Inc -I../Drivers/STM32F0xx_HAL_Driver/Inc -I../Drivers/STM32F0xx_HAL_Driver/Inc/Legacy -I../Drivers/CMSIS/Device/ST/STM32F0xx/Include -I../Drivers/CMSIS/Include -O0 -ffunction-sections -fdata-sections -Wall -fstack-usage -MMD -MP -MF"Drivers/CMSIS/NN/Source/PoolingFunctions/arm_pool_q7_HWC.d" -MT"Drivers/CMSIS/NN/Source/PoolingFunctions/arm_pool_q7_HWC.o" --specs=nano.specs -mfloat-abi=soft -mthumb -o "Drivers/CMSIS/NN/Source/PoolingFunctions/arm_pool_q7_HWC.o"
arm-none-eabi-gcc "../Drivers/CMSIS/NN/Source/NNSupportFunctions/arm_nn_mult_q15.c" -mcpu=cortex-m0 -std=gnu11 -g3 -DUSE_HAL_DRIVER -DSTM32F042x6 -DDEBUG -c -I../Core/Inc -I../Drivers/STM32F0xx_HAL_Driver/Inc -I../Drivers/STM32F0xx_HAL_Driver/Inc/Legacy -I../Drivers/CMSIS/Device/ST/STM32F0xx/Include -I../Drivers/CMSIS/Include -O0 -ffunction-sections -fdata-sections -Wall -fstack-usage -MMD -MP -MF"Drivers/CMSIS/NN/Source/NNSupportFunctions/arm_nn_mult_q15.d" -MT"Drivers/CMSIS/NN/Source/NNSupportFunctions/arm_nn_mult_q15.o" --specs=nano.specs -mfloat-abi=soft -mthumb -o "Drivers/CMSIS/NN/Source/NNSupportFunctions/arm_nn_mult_q15.o"
arm-none-eabi-gcc "../Drivers/CMSIS/NN/Source/NNSupportFunctions/arm_nn_mult_q7.c" -mcpu=cortex-m0 -std=gnu11 -g3 -DUSE_HAL_DRIVER -DSTM32F042x6 -DDEBUG -c -I../Core/Inc -I../Drivers/STM32F0xx_HAL_Driver/Inc -I../Drivers/STM32F0xx_HAL_Driver/Inc/Legacy -I../Drivers/CMSIS/Device/ST/STM32F0xx/Include -I../Drivers/CMSIS/Include -O0 -ffunction-sections -fdata-sections -Wall -fstack-usage -MMD -MP -MF"Drivers/CMSIS/NN/Source/NNSupportFunctions/arm_nn_mult_q7.d" -MT"Drivers/CMSIS/NN/Source/NNSupportFunctions/arm_nn_mult_q7.o" --specs=nano.specs -mfloat-abi=soft -mthumb -o "Drivers/CMSIS/NN/Source/NNSupportFunctions/arm_nn_mult_q7.o"
arm-none-eabi-gcc "../Drivers/CMSIS/NN/Source/NNSupportFunctions/arm_nntables.c" -mcpu=cortex-m0 -std=gnu11 -g3 -DUSE_HAL_DRIVER -DSTM32F042x6 -DDEBUG -c -I../Core/Inc -I../Drivers/STM32F0xx_HAL_Driver/Inc -I../Drivers/STM32F0xx_HAL_Driver/Inc/Legacy -I../Drivers/CMSIS/Device/ST/STM32F0xx/Include -I../Drivers/CMSIS/Include -O0 -ffunction-sections -fdata-sections -Wall -fstack-usage -MMD -MP -MF"Drivers/CMSIS/NN/Source/NNSupportFunctions/arm_nntables.d" -MT"Drivers/CMSIS/NN/Source/NNSupportFunctions/arm_nntables.o" --specs=nano.specs -mfloat-abi=soft -mthumb -o "Drivers/CMSIS/NN/Source/NNSupportFunctions/arm_nntables.o"
arm-none-eabi-gcc "../Drivers/CMSIS/NN/Source/NNSupportFunctions/arm_q7_to_q15_no_shift.c" -mcpu=cortex-m0 -std=gnu11 -g3 -DUSE_HAL_DRIVER -DSTM32F042x6 -DDEBUG -c -I../Core/Inc -I../Drivers/STM32F0xx_HAL_Driver/Inc -I../Drivers/STM32F0xx_HAL_Driver/Inc/Legacy -I../Drivers/CMSIS/Device/ST/STM32F0xx/Include -I../Drivers/CMSIS/Include -O0 -ffunction-sections -fdata-sections -Wall -fstack-usage -MMD -MP -MF"Drivers/CMSIS/NN/Source/NNSupportFunctions/arm_q7_to_q15_no_shift.d" -MT"Drivers/CMSIS/NN/Source/NNSupportFunctions/arm_q7_to_q15_no_shift.o" --specs=nano.specs -mfloat-abi=soft -mthumb -o "Drivers/CMSIS/NN/Source/NNSupportFunctions/arm_q7_to_q15_no_shift.o"
arm-none-eabi-gcc "../Drivers/CMSIS/NN/Source/NNSupportFunctions/arm_q7_to_q15_reordered_no_shift.c" -mcpu=cortex-m0 -std=gnu11 -g3 -DUSE_HAL_DRIVER -DSTM32F042x6 -DDEBUG -c -I../Core/Inc -I../Drivers/STM32F0xx_HAL_Driver/Inc -I../Drivers/STM32F0xx_HAL_Driver/Inc/Legacy -I../Drivers/CMSIS/Device/ST/STM32F0xx/Include -I../Drivers/CMSIS/Include -O0 -ffunction-sections -fdata-sections -Wall -fstack-usage -MMD -MP -MF"Drivers/CMSIS/NN/Source/NNSupportFunctions/arm_q7_to_q15_reordered_no_shift.d" -MT"Drivers/CMSIS/NN/Source/NNSupportFunctions/arm_q7_to_q15_reordered_no_shift.o" --specs=nano.specs -mfloat-abi=soft -mthumb -o "Drivers/CMSIS/NN/Source/NNSupportFunctions/arm_q7_to_q15_reordered_no_shift.o"
../Drivers/CMSIS/RTOS2/Source/os_systick.c:25:10: fatal error: os_tick.h: No such file or directory
 #include "os_tick.h"
          ^~~~~~~~~~~
compilation terminated.
../Drivers/CMSIS/RTOS2/Source/os_tick_gtim.c:25:10: fatal error: os_tick.h: No such file or directory
 #include "os_tick.h"
          ^~~~~~~~~~~
compilation terminated.
../Drivers/CMSIS/RTOS2/Source/os_tick_ptim.c:25:10: fatal error: RTE_Components.h: No such file or directory
 #include "RTE_Components.h"
          ^~~~~~~~~~~~~~~~~~
compilation terminated.
../Drivers/CMSIS/NN/Source/SoftmaxFunctions/arm_softmax_q7.c:31:10: fatal error: arm_math.h: No such file or directory
 #include "arm_math.h"
          ^~~~~~~~~~~~
compilation terminated.
../Drivers/CMSIS/NN/Source/SoftmaxFunctions/arm_softmax_q15.c:31:10: fatal error: arm_math.h: No such file or directory
 #include "arm_math.h"
          ^~~~~~~~~~~~
compilation terminated.
../Drivers/CMSIS/NN/Source/PoolingFunctions/arm_pool_q7_HWC.c:31:10: fatal error: arm_math.h: No such file or directory
 #include "arm_math.h"
          ^~~~~~~~~~~~
compilation terminated.
make: *** [Drivers/CMSIS/RTOS2/Source/subdir.mk:28: Drivers/CMSIS/RTOS2/Source/os_tick_ptim.o] Error 1
make: *** Waiting for unfinished jobs....
make: *** [Drivers/CMSIS/RTOS2/Source/subdir.mk:24: Drivers/CMSIS/RTOS2/Source/os_systick.o] Error 1
make: *** [Drivers/CMSIS/RTOS2/Source/subdir.mk:26: Drivers/CMSIS/RTOS2/Source/os_tick_gtim.o] Error 1
../Drivers/CMSIS/NN/Source/NNSupportFunctions/arm_nntables.c:31:10: fatal error: arm_nnsupportfunctions.h: No such file or directory
 #include "arm_nnsupportfunctions.h"
          ^~~~~~~~~~~~~~~~~~~~~~~~~~
compilation terminated.
make: *** [Drivers/CMSIS/NN/Source/SoftmaxFunctions/subdir.mk:23: Drivers/CMSIS/NN/Source/SoftmaxFunctions/arm_softmax_q7.o] Error 1
make: *** [Drivers/CMSIS/NN/Source/SoftmaxFunctions/subdir.mk:21: Drivers/CMSIS/NN/Source/SoftmaxFunctions/arm_softmax_q15.o] Error 1
../Drivers/CMSIS/NN/Source/NNSupportFunctions/arm_nn_mult_q15.c:31:10: fatal error: arm_nnfunctions.h: No such file or directory
 #include "arm_nnfunctions.h"
          ^~~~~~~~~~~~~~~~~~~
../Drivers/CMSIS/NN/Source/NNSupportFunctions/arm_nn_mult_q7.c:31:10: fatal error: arm_nnfunctions.h: No such file or directory
 #include "arm_nnfunctions.h"
          ^~~~~~~~~~~~~~~~~~~
compilation terminated.
compilation terminated.
make: *** [Drivers/CMSIS/NN/Source/PoolingFunctions/subdir.mk:18: Drivers/CMSIS/NN/Source/PoolingFunctions/arm_pool_q7_HWC.o] Error 1
../Drivers/CMSIS/NN/Source/NNSupportFunctions/arm_q7_to_q15_no_shift.c:31:10: fatal error: arm_nnsupportfunctions.h: No such file or directory
 #include "arm_nnsupportfunctions.h"
          ^~~~~~~~~~~~~~~~~~~~~~~~~~
compilation terminated.
../Drivers/CMSIS/NN/Source/NNSupportFunctions/arm_q7_to_q15_reordered_no_shift.c:31:10: fatal error: arm_nnsupportfunctions.h: No such file or directory
 #include "arm_nnsupportfunctions.h"
          ^~~~~~~~~~~~~~~~~~~~~~~~~~
make: *** [Drivers/CMSIS/NN/Source/NNSupportFunctions/subdir.mk:34: Drivers/CMSIS/NN/Source/NNSupportFunctions/arm_nntables.o] Error 1
compilation terminated.
make: *** [Drivers/CMSIS/NN/Source/NNSupportFunctions/subdir.mk:32: Drivers/CMSIS/NN/Source/NNSupportFunctions/arm_nn_mult_q7.o] Error 1
make: *** [Drivers/CMSIS/NN/Source/NNSupportFunctions/subdir.mk:30: Drivers/CMSIS/NN/Source/NNSupportFunctions/arm_nn_mult_q15.o] Error 1
make: *** [Drivers/CMSIS/NN/Source/NNSupportFunctions/subdir.mk:36: Drivers/CMSIS/NN/Source/NNSupportFunctions/arm_q7_to_q15_no_shift.o] Error 1
make: *** [Drivers/CMSIS/NN/Source/NNSupportFunctions/subdir.mk:38: Drivers/CMSIS/NN/Source/NNSupportFunctions/arm_q7_to_q15_reordered_no_shift.o] Error 1
In file included from ../Drivers/CMSIS/RTOS2/Template/cmsis_os1.c:28:0:
../Drivers/CMSIS/RTOS2/Template/cmsis_os.h:157:10: fatal error: cmsis_os2.h: No such file or directory
 #include "cmsis_os2.h"
          ^~~~~~~~~~~~~
compilation terminated.
make: *** [Drivers/CMSIS/RTOS2/Template/subdir.mk:18: Drivers/CMSIS/RTOS2/Template/cmsis_os1.o] Error 1
"make -j12 all" terminated with exit code 2. Build might be incomplete.

15:41:11 Build Failed. 25 errors, 0 warnings. (took 4s.907ms)

